<?xml version="1.0" encoding="UTF-8"?>
<!-- Generated by org.testng.reporters.JUnitXMLReporter -->
<testsuite hostname="JEDUn4" ignored="0" name="Default test" tests="17" failures="0" timestamp="18 Jan 2019 08:40:55 GMT" time="12.823" errors="0">
  <testcase name="quitServerTest" time="0.009" classname="com.egtinteractive.chat.server.tests.quit.QuitServerTest"/>
  <testcase name="addRoomTest" time="0.005" classname="com.egtinteractive.chat.server.tests.rooms.AddRoomTest"/>
  <testcase name="showUsersWithRoom" time="0.081" classname="com.egtinteractive.chat.server.tests.showinfo.ShowUsersTest"/>
  <testcase name="showUsersWithoutRoom" time="0.005" classname="com.egtinteractive.chat.server.tests.showinfo.ShowUsersTest"/>
  <testcase name="joinRoomTest" time="0.04" classname="com.egtinteractive.chat.server.tests.rooms.JoinRoomTest"/>
  <testcase name="showOptionsTest" time="0.042" classname="com.egtinteractive.chat.server.tests.showinfo.ShowOptionsTest"/>
  <testcase name="incorrectRemoveRoomTest" time="0.043" classname="com.egtinteractive.chat.server.tests.rooms.RemoveRoomsTest"/>
  <testcase name="removeRoomTest" time="0.039" classname="com.egtinteractive.chat.server.tests.rooms.RemoveRoomsTest"/>
  <testcase name="removeRoomWhileInTheRoom" time="0.08" classname="com.egtinteractive.chat.server.tests.rooms.RemoveRoomsTest"/>
  <testcase name="connectUsers" time="0.175" classname="com.egtinteractive.chat.server.tests.stress.ConnectALotOfUsersTest"/>
  <testcase name="writeMessage" time="7.357" classname="com.egtinteractive.chat.server.tests.stress.WriteMessageToALotOfUsersTest"/>
  <testcase name="showRoom" time="0.039" classname="com.egtinteractive.chat.server.tests.showinfo.ShowRoomTest"/>
  <testcase name="leaveCurrentRoomTest" time="0.039" classname="com.egtinteractive.chat.server.tests.rooms.LeaveRoomTest"/>
  <testcase name="leaveWithoutCurrentRoom" time="0.001" classname="com.egtinteractive.chat.server.tests.rooms.LeaveRoomTest"/>
  <testcase name="writeMessage" time="4.732" classname="com.egtinteractive.chat.server.tests.stress.DelayMessageTest"/>
  <testcase name="showRoomsWithoutRoomsTest" time="0.043" classname="com.egtinteractive.chat.server.tests.showinfo.ShowRoomsWithRoomsTest"/>
  <testcase name="showRoomsWithoutRoomsTest" time="0.002" classname="com.egtinteractive.chat.server.tests.showinfo.ShowRoomsWithoutRoomsTest"/>
</testsuite> <!-- Default test -->
