<?xml version="1.0" encoding="UTF-8"?>
<!-- Generated by org.testng.reporters.JUnitXMLReporter -->
<testsuite hostname="JEDUn4" ignored="0" name="OtherTests" tests="9" failures="0" timestamp="09 Jan 2019 15:04:47 GMT" time="0.023" errors="0">
  <testcase name="removeRooms" time="0.002" classname="com.egtinteractive.chat.server.tests.rooms.RemoveRoomsTest"/>
  <testcase name="quitServer" time="0.001" classname="com.egtinteractive.chat.server.tests.server.QuitServerTest"/>
  <testcase name="leaveRoom" time="0.001" classname="com.egtinteractive.chat.server.tests.rooms.LeaveRoomTest"/>
  <testcase name="checkAdmin" time="0.001" classname="com.egtinteractive.chat.server.tests.rooms.RoomAdminTest"/>
  <testcase name="addRooms" time="0.002" classname="com.egtinteractive.chat.server.tests.rooms.AddRoomsTest"/>
  <testcase name="joinRoom" time="0.0" classname="com.egtinteractive.chat.server.tests.rooms.JoinRoomTest"/>
  <testcase name="addRoomWithTheSameName" time="0.002" classname="com.egtinteractive.chat.server.tests.rooms.AddRoomWithTheSameNameTest"/>
  <testcase name="addUserWithTheSameName" time="0.001" classname="com.egtinteractive.chat.server.tests.users.AddUserWithTheSameNameTest"/>
  <testcase name="addUser" time="0.005" classname="com.egtinteractive.chat.server.tests.users.AddUsersTest"/>
</testsuite> <!-- OtherTests -->
