<?xml version="1.0" encoding="UTF-8"?>
<!-- Generated by org.testng.reporters.JUnitXMLReporter -->
<testsuite hostname="JEDUn4" ignored="0" name="RunAllTests" tests="17" failures="0" timestamp="17 Jan 2019 13:02:35 GMT" time="14.043" errors="0">
  <testcase name="incorrectRemoveRoomTest" time="0.045" classname="com.egtinteractive.chat.server.tests.rooms.RemoveRoomsTest"/>
  <testcase name="removeRoomTest" time="0.044" classname="com.egtinteractive.chat.server.tests.rooms.RemoveRoomsTest"/>
  <testcase name="removeRoomWhileInTheRoom" time="0.083" classname="com.egtinteractive.chat.server.tests.rooms.RemoveRoomsTest"/>
  <testcase name="showRoom" time="0.043" classname="com.egtinteractive.chat.server.tests.showinfo.ShowRoomTest"/>
  <testcase name="quitServerTest" time="0.006" classname="com.egtinteractive.chat.server.tests.quit.QuitServerTest"/>
  <testcase name="leaveCurrentRoomTest" time="0.042" classname="com.egtinteractive.chat.server.tests.rooms.LeaveRoomTest"/>
  <testcase name="leaveWithoutCurrentRoom" time="0.004" classname="com.egtinteractive.chat.server.tests.rooms.LeaveRoomTest"/>
  <testcase name="showRoomsWithoutRoomsTest" time="0.044" classname="com.egtinteractive.chat.server.tests.showinfo.ShowRoomsWithRoomsTest"/>
  <testcase name="joinRoomTest" time="0.042" classname="com.egtinteractive.chat.server.tests.rooms.JoinRoomTest"/>
  <testcase name="showOptionsTest" time="0.004" classname="com.egtinteractive.chat.server.tests.showinfo.ShowOptionsTest"/>
  <testcase name="addRoomTest" time="0.002" classname="com.egtinteractive.chat.server.tests.rooms.AddRoomTest"/>
  <testcase name="showRoomsWithoutRoomsTest" time="0.002" classname="com.egtinteractive.chat.server.tests.showinfo.ShowRoomsWithoutRoomsTest"/>
  <testcase name="showUsersWithRoom" time="0.079" classname="com.egtinteractive.chat.server.tests.showinfo.ShowUsersTest"/>
  <testcase name="showUsersWithoutRoom" time="0.003" classname="com.egtinteractive.chat.server.tests.showinfo.ShowUsersTest"/>
  <testcase name="writeMessage" time="9.01" classname="com.egtinteractive.chat.server.tests.stress.WriteMessageToALotOfUsersTest"/>
  <testcase name="writeMessage" time="4.324" classname="com.egtinteractive.chat.server.tests.stress.DelayMessageTest"/>
  <testcase name="connectUsers" time="0.152" classname="com.egtinteractive.chat.server.tests.stress.ConnectALotOfUsersTest"/>
</testsuite> <!-- RunAllTests -->
