<?xml version="1.0" encoding="UTF-8"?>
<!-- Generated by org.testng.reporters.JUnitXMLReporter -->
<testsuite hostname="JEDUn4" ignored="0" name="StressTests" tests="2" failures="0" timestamp="09 Jan 2019 15:04:47 GMT" time="0.238" errors="0">
  <testcase name="addRoom" time="0.105" classname="com.egtinteractive.chat.server.stresstests.CreateRoomTest"/>
  <testcase name="sendMessage" time="0.103" classname="com.egtinteractive.chat.server.stresstests.SendMessageTest"/>
</testsuite> <!-- StressTests -->
